<?xml version="1.0" encoding="UTF-8"?>
<testng-results skipped="0" failed="0" ignored="0" total="1" passed="1">
  <reporter-output>
  </reporter-output>
  <suite name="Default suite" duration-ms="34261" started-at="2018-07-10T12:49:39Z" finished-at="2018-07-10T12:50:14Z">
    <groups>
    </groups>
    <test name="Default test" duration-ms="34261" started-at="2018-07-10T12:49:39Z" finished-at="2018-07-10T12:50:14Z">
      <class name="BrowserInvoking.ExecutionCode">
        <test-method status="PASS" signature="m1()[pri:0, instance:BrowserInvoking.ExecutionCode@101b7af]" name="m1" duration-ms="34206" started-at="2018-07-10T12:49:39Z" finished-at="2018-07-10T12:50:14Z">
          <reporter-output>
          </reporter-output>
        </test-method> <!-- m1 -->
      </class> <!-- BrowserInvoking.ExecutionCode -->
    </test> <!-- Default test -->
  </suite> <!-- Default suite -->
</testng-results>
